<?xml version="1.0" encoding="UTF-8"?>
<testng-results ignored="0" total="2" passed="2" failed="0" skipped="0">
  <reporter-output>
  </reporter-output>
  <suite started-at="2024-07-16T22:15:19 IST" name="Suite" finished-at="2024-07-16T22:15:40 IST" duration-ms="21433">
    <groups>
    </groups>
    <test started-at="2024-07-16T22:15:19 IST" name="Test" finished-at="2024-07-16T22:15:40 IST" duration-ms="21433">
      <class name="TestCases.QaLegend_TestCases">
        <test-method is-config="true" signature="initialization()[pri:0, instance:TestCases.QaLegend_TestCases@31fa1761]" started-at="2024-07-16T22:15:19 IST" name="initialization" finished-at="2024-07-16T22:15:21 IST" duration-ms="2584" status="PASS">
          <reporter-output>
          </reporter-output>
        </test-method> <!-- initialization -->
        <test-method signature="addTicket1(java.lang.String,java.lang.String,java.lang.String)[pri:0, instance:TestCases.QaLegend_TestCases@31fa1761]" started-at="2024-07-16T22:15:21 IST" name="addTicket1" data-provider="myTickets" finished-at="2024-07-16T22:15:29 IST" duration-ms="7787" status="PASS">
          <params>
            <param index="0">
              <value>
                <![CDATA[Ticket 1]]>
              </value>
            </param>
            <param index="1">
              <value>
                <![CDATA[revathy]]>
              </value>
            </param>
            <param index="2">
              <value>
                <![CDATA[Description 1]]>
              </value>
            </param>
          </params>
          <reporter-output>
          </reporter-output>
        </test-method> <!-- addTicket1 -->
        <test-method is-config="true" signature="initialization()[pri:0, instance:TestCases.QaLegend_TestCases@31fa1761]" started-at="2024-07-16T22:15:29 IST" name="initialization" finished-at="2024-07-16T22:15:32 IST" duration-ms="2364" status="PASS">
          <reporter-output>
          </reporter-output>
        </test-method> <!-- initialization -->
        <test-method signature="addTicket1(java.lang.String,java.lang.String,java.lang.String)[pri:0, instance:TestCases.QaLegend_TestCases@31fa1761]" started-at="2024-07-16T22:15:32 IST" name="addTicket1" data-provider="myTickets" finished-at="2024-07-16T22:15:40 IST" duration-ms="8648" status="PASS">
          <params>
            <param index="0">
              <value>
                <![CDATA[Ticket 2]]>
              </value>
            </param>
            <param index="1">
              <value>
                <![CDATA[revathy]]>
              </value>
            </param>
            <param index="2">
              <value>
                <![CDATA[Description 2]]>
              </value>
            </param>
          </params>
          <reporter-output>
          </reporter-output>
        </test-method> <!-- addTicket1 -->
      </class> <!-- TestCases.QaLegend_TestCases -->
    </test> <!-- Test -->
  </suite> <!-- Suite -->
</testng-results>
