<?xml version="1.0" encoding="UTF-8"?>
<testng-results ignored="0" total="1" passed="1" failed="0" skipped="0">
  <reporter-output>
  </reporter-output>
  <suite started-at="2024-06-25T08:04:10 IST" name="Suite" finished-at="2024-06-25T08:04:17 IST" duration-ms="7225">
    <groups>
    </groups>
    <test started-at="2024-06-25T08:04:10 IST" name="Test" finished-at="2024-06-25T08:04:17 IST" duration-ms="7225">
      <class name="TestCases.QaLegend_TestCases">
        <test-method is-config="true" signature="initialization()[pri:0, instance:TestCases.QaLegend_TestCases@4f83df68]" started-at="2024-06-25T08:04:10 IST" name="initialization" finished-at="2024-06-25T08:04:15 IST" duration-ms="4505" status="PASS">
          <reporter-output>
          </reporter-output>
        </test-method> <!-- initialization -->
        <test-method signature="addNotes()[pri:0, instance:TestCases.QaLegend_TestCases@4f83df68]" started-at="2024-06-25T08:04:15 IST" name="addNotes" finished-at="2024-06-25T08:04:17 IST" duration-ms="2650" status="PASS">
          <reporter-output>
          </reporter-output>
        </test-method> <!-- addNotes -->
      </class> <!-- TestCases.QaLegend_TestCases -->
    </test> <!-- Test -->
  </suite> <!-- Suite -->
</testng-results>
