<?xml version="1.0" encoding="UTF-8"?>
<testng-results ignored="0" total="1" passed="1" failed="0" skipped="0">
  <reporter-output>
  </reporter-output>
  <suite started-at="2024-07-17T21:34:29 IST" name="Suite" finished-at="2024-07-17T21:34:42 IST" duration-ms="12425">
    <groups>
    </groups>
    <test started-at="2024-07-17T21:34:29 IST" name="Test" finished-at="2024-07-17T21:34:42 IST" duration-ms="12425">
      <class name="TestCases.QaLegend_TestCases">
        <test-method is-config="true" signature="initialization(java.lang.String)[pri:0, instance:TestCases.QaLegend_TestCases@32502377]" started-at="2024-07-17T21:34:30 IST" name="initialization" finished-at="2024-07-17T21:34:33 IST" duration-ms="3809" status="PASS">
          <params>
            <param index="0">
              <value>
                <![CDATA[chrome]]>
              </value>
            </param>
          </params>
          <reporter-output>
          </reporter-output>
        </test-method> <!-- initialization -->
        <test-method signature="addTicket()[pri:0, instance:TestCases.QaLegend_TestCases@32502377]" started-at="2024-07-17T21:34:33 IST" name="addTicket" finished-at="2024-07-17T21:34:42 IST" duration-ms="8422" status="PASS">
          <reporter-output>
          </reporter-output>
        </test-method> <!-- addTicket -->
        <test-method is-config="true" signature="tearDown()[pri:0, instance:TestCases.QaLegend_TestCases@32502377]" started-at="2024-07-17T21:34:42 IST" name="tearDown" finished-at="2024-07-17T21:34:42 IST" duration-ms="145" status="PASS">
          <reporter-output>
          </reporter-output>
        </test-method> <!-- tearDown -->
      </class> <!-- TestCases.QaLegend_TestCases -->
    </test> <!-- Test -->
  </suite> <!-- Suite -->
</testng-results>
