<?xml version="1.0" encoding="UTF-8"?>
<testng-results ignored="0" total="1" passed="1" failed="0" skipped="0">
  <reporter-output>
  </reporter-output>
  <suite started-at="2024-07-02T20:47:18 IST" name="Suite" finished-at="2024-07-02T20:47:26 IST" duration-ms="7426">
    <groups>
    </groups>
    <test started-at="2024-07-02T20:47:18 IST" name="Test" finished-at="2024-07-02T20:47:26 IST" duration-ms="7426">
      <class name="TestCases.QaLegend_TestCases">
        <test-method is-config="true" signature="initialization()[pri:0, instance:TestCases.QaLegend_TestCases@6302bbb1]" started-at="2024-07-02T20:47:18 IST" name="initialization" finished-at="2024-07-02T20:47:25 IST" duration-ms="6668" status="PASS">
          <reporter-output>
          </reporter-output>
        </test-method> <!-- initialization -->
        <test-method signature="forgotPasswordLink()[pri:0, instance:TestCases.QaLegend_TestCases@6302bbb1]" started-at="2024-07-02T20:47:25 IST" name="forgotPasswordLink" finished-at="2024-07-02T20:47:26 IST" duration-ms="708" status="PASS">
          <reporter-output>
          </reporter-output>
        </test-method> <!-- forgotPasswordLink -->
      </class> <!-- TestCases.QaLegend_TestCases -->
    </test> <!-- Test -->
  </suite> <!-- Suite -->
</testng-results>
