<?xml version="1.0" encoding="UTF-8"?>
<testng-results ignored="0" total="1" passed="1" failed="0" skipped="0">
  <reporter-output>
  </reporter-output>
  <suite started-at="2024-06-23T16:33:05 IST" name="Suite" finished-at="2024-06-23T16:33:09 IST" duration-ms="3561">
    <groups>
    </groups>
    <test started-at="2024-06-23T16:33:05 IST" name="Test" finished-at="2024-06-23T16:33:09 IST" duration-ms="3561">
      <class name="TestCases.QaLegend_TestCases">
        <test-method is-config="true" signature="initialization()[pri:0, instance:TestCases.QaLegend_TestCases@747ddf94]" started-at="2024-06-23T16:33:05 IST" name="initialization" finished-at="2024-06-23T16:33:08 IST" duration-ms="2512" status="PASS">
          <reporter-output>
          </reporter-output>
        </test-method> <!-- initialization -->
        <test-method signature="addNotes()[pri:0, instance:TestCases.QaLegend_TestCases@747ddf94]" started-at="2024-06-23T16:33:08 IST" name="addNotes" finished-at="2024-06-23T16:33:09 IST" duration-ms="1014" status="PASS">
          <reporter-output>
          </reporter-output>
        </test-method> <!-- addNotes -->
      </class> <!-- TestCases.QaLegend_TestCases -->
    </test> <!-- Test -->
  </suite> <!-- Suite -->
</testng-results>
