<?xml version="1.0" encoding="UTF-8"?>
<testng-results ignored="0" total="1" passed="1" failed="0" skipped="0">
  <reporter-output>
  </reporter-output>
  <suite started-at="2024-07-18T08:29:16 IST" name="Suite" finished-at="2024-07-18T08:29:28 IST" duration-ms="11153">
    <groups>
    </groups>
    <test started-at="2024-07-18T08:29:16 IST" name="Test" finished-at="2024-07-18T08:29:28 IST" duration-ms="11153">
      <class name="TestCases.QaLegend_TestCases">
        <test-method is-config="true" signature="initialization(java.lang.String)[pri:0, instance:TestCases.QaLegend_TestCases@32502377]" started-at="2024-07-18T08:29:16 IST" name="initialization" finished-at="2024-07-18T08:29:20 IST" duration-ms="3238" status="PASS">
          <params>
            <param index="0">
              <value>
                <![CDATA[chrome]]>
              </value>
            </param>
          </params>
          <reporter-output>
          </reporter-output>
        </test-method> <!-- initialization -->
        <test-method signature="addClients()[pri:0, instance:TestCases.QaLegend_TestCases@32502377]" started-at="2024-07-18T08:29:20 IST" name="addClients" finished-at="2024-07-18T08:29:27 IST" duration-ms="7613" status="PASS">
          <reporter-output>
          </reporter-output>
        </test-method> <!-- addClients -->
        <test-method is-config="true" signature="tearDown()[pri:0, instance:TestCases.QaLegend_TestCases@32502377]" started-at="2024-07-18T08:29:27 IST" name="tearDown" finished-at="2024-07-18T08:29:28 IST" duration-ms="236" status="PASS">
          <reporter-output>
          </reporter-output>
        </test-method> <!-- tearDown -->
      </class> <!-- TestCases.QaLegend_TestCases -->
    </test> <!-- Test -->
  </suite> <!-- Suite -->
</testng-results>
