<?xml version="1.0" encoding="UTF-8"?>
<testng-results ignored="0" total="2" passed="2" failed="0" skipped="0">
  <reporter-output>
  </reporter-output>
  <suite started-at="2024-06-23T17:24:04 IST" name="Suite" finished-at="2024-06-23T17:24:21 IST" duration-ms="17117">
    <groups>
    </groups>
    <test started-at="2024-06-23T17:24:04 IST" name="Test" finished-at="2024-06-23T17:24:21 IST" duration-ms="17117">
      <class name="TestCases.QaLegend_TestCases">
        <test-method is-config="true" signature="initialization()[pri:0, instance:TestCases.QaLegend_TestCases@35e2d654]" started-at="2024-06-23T17:24:04 IST" name="initialization" finished-at="2024-06-23T17:24:11 IST" duration-ms="7223" status="PASS">
          <reporter-output>
          </reporter-output>
        </test-method> <!-- initialization -->
        <test-method signature="LoginNew()[pri:0, instance:TestCases.QaLegend_TestCases@35e2d654]" started-at="2024-06-23T17:24:11 IST" name="LoginNew" finished-at="2024-06-23T17:24:12 IST" duration-ms="995" status="PASS">
          <reporter-output>
          </reporter-output>
        </test-method> <!-- LoginNew -->
        <test-method is-config="true" signature="initialization()[pri:0, instance:TestCases.QaLegend_TestCases@35e2d654]" started-at="2024-06-23T17:24:12 IST" name="initialization" finished-at="2024-06-23T17:24:20 IST" duration-ms="7709" status="PASS">
          <reporter-output>
          </reporter-output>
        </test-method> <!-- initialization -->
        <test-method signature="addNotes()[pri:0, instance:TestCases.QaLegend_TestCases@35e2d654]" started-at="2024-06-23T17:24:20 IST" name="addNotes" finished-at="2024-06-23T17:24:21 IST" duration-ms="1140" status="PASS">
          <reporter-output>
          </reporter-output>
        </test-method> <!-- addNotes -->
      </class> <!-- TestCases.QaLegend_TestCases -->
    </test> <!-- Test -->
  </suite> <!-- Suite -->
</testng-results>
