<?xml version="1.0" encoding="UTF-8"?>
<!-- Generated by org.testng.reporters.JUnitXMLReporter -->
<testsuite ignored="5" hostname="LAPTOP-UOSNP22B" failures="0" tests="1" name="Test" time="7.426" errors="0" timestamp="2024-07-02T20:47:26 IST">
  <testcase classname="TestCases.QaLegend_TestCases" name="forgotPasswordLink" time="0.708"/>
  <testcase classname="TestCases.QaLegend_TestCases" name="addNotes" time="0.0">
    <ignored/>
  </testcase> <!-- addNotes -->
  <testcase classname="TestCases.QaLegend_TestCases" name="composeMessage" time="0.0">
    <ignored/>
  </testcase> <!-- composeMessage -->
  <testcase classname="TestCases.QaLegend_TestCases" name="QaLegendLogin" time="0.0">
    <ignored/>
  </testcase> <!-- QaLegendLogin -->
  <testcase classname="TestCases.QaLegend_TestCases" name="addClients" time="0.0">
    <ignored/>
  </testcase> <!-- addClients -->
  <testcase classname="TestCases.QaLegend_TestCases" name="addEvents" time="0.0">
    <ignored/>
  </testcase> <!-- addEvents -->
</testsuite> <!-- Test -->
