<?xml version="1.0" encoding="UTF-8"?>
<!-- Generated by org.testng.reporters.JUnitXMLReporter -->
<testsuite ignored="9" hostname="LAPTOP-UOSNP22B" failures="0" tests="1" name="Test" time="28.935" errors="0" timestamp="2024-07-17T20:21:45 IST">
  <testcase classname="TestCases.QaLegend_TestCases" name="addTicket" time="9.666"/>
  <testcase classname="TestCases.QaLegend_TestCases" name="composeMessage" time="0.0">
    <ignored/>
  </testcase> <!-- composeMessage -->
  <testcase classname="TestCases.QaLegend_TestCases" name="addEvents" time="0.0">
    <ignored/>
  </testcase> <!-- addEvents -->
  <testcase classname="TestCases.QaLegend_TestCases" name="addNotes" time="0.0">
    <ignored/>
  </testcase> <!-- addNotes -->
  <testcase classname="TestCases.QaLegend_TestCases" name="searchNotes" time="0.0">
    <ignored/>
  </testcase> <!-- searchNotes -->
  <testcase classname="TestCases.QaLegend_TestCases" name="addTicket1" time="0.0">
    <ignored/>
  </testcase> <!-- addTicket1 -->
  <testcase classname="TestCases.QaLegend_TestCases" name="assignLeave" time="0.0">
    <ignored/>
  </testcase> <!-- assignLeave -->
  <testcase classname="TestCases.QaLegend_TestCases" name="addClients" time="0.0">
    <ignored/>
  </testcase> <!-- addClients -->
  <testcase classname="TestCases.QaLegend_TestCases" name="addExpense" time="0.0">
    <ignored/>
  </testcase> <!-- addExpense -->
  <testcase classname="TestCases.QaLegend_TestCases" name="applyLeave" time="0.0">
    <ignored/>
  </testcase> <!-- applyLeave -->
</testsuite> <!-- Test -->
