<?xml version="1.0" encoding="UTF-8"?>
<!-- Generated by org.testng.reporters.JUnitXMLReporter -->
<testsuite ignored="12" hostname="LAPTOP-UOSNP22B" failures="0" tests="2" name="Test" time="21.433" errors="0" timestamp="2024-07-16T22:15:41 IST">
  <testcase classname="TestCases.QaLegend_TestCases" name="addTicket1" time="7.787"/>
  <testcase classname="TestCases.QaLegend_TestCases" name="addTicket1" time="8.648"/>
  <testcase classname="TestCases.QaLegend_TestCases" name="addClients" time="0.0">
    <ignored/>
  </testcase> <!-- addClients -->
  <testcase classname="TestCases.QaLegend_TestCases" name="addExpense" time="0.0">
    <ignored/>
  </testcase> <!-- addExpense -->
  <testcase classname="TestCases.QaLegend_TestCases" name="addEvents" time="0.0">
    <ignored/>
  </testcase> <!-- addEvents -->
  <testcase classname="TestCases.QaLegend_TestCases" name="applyLeave" time="0.0">
    <ignored/>
  </testcase> <!-- applyLeave -->
  <testcase classname="TestCases.QaLegend_TestCases" name="addTicket" time="0.0">
    <ignored/>
  </testcase> <!-- addTicket -->
  <testcase classname="TestCases.QaLegend_TestCases" name="searchNotes" time="0.0">
    <ignored/>
  </testcase> <!-- searchNotes -->
  <testcase classname="TestCases.QaLegend_TestCases" name="QaLegendLogin" time="0.0">
    <ignored/>
  </testcase> <!-- QaLegendLogin -->
  <testcase classname="TestCases.QaLegend_TestCases" name="composeMessage" time="0.0">
    <ignored/>
  </testcase> <!-- composeMessage -->
  <testcase classname="TestCases.QaLegend_TestCases" name="addProject" time="0.0">
    <ignored/>
  </testcase> <!-- addProject -->
  <testcase classname="TestCases.QaLegend_TestCases" name="addNotes" time="0.0">
    <ignored/>
  </testcase> <!-- addNotes -->
  <testcase classname="TestCases.QaLegend_TestCases" name="forgotPasswordLink" time="0.0">
    <ignored/>
  </testcase> <!-- forgotPasswordLink -->
  <testcase classname="TestCases.QaLegend_TestCases" name="assignLeave" time="0.0">
    <ignored/>
  </testcase> <!-- assignLeave -->
</testsuite> <!-- Test -->
