<?xml version="1.0" encoding="UTF-8"?>
<!-- Generated by org.testng.reporters.JUnitXMLReporter -->
<testsuite ignored="12" hostname="LAPTOP-UOSNP22B" failures="1" tests="4" name="Test" time="72.102" errors="0" timestamp="2024-07-10T18:46:20 IST">
  <testcase classname="TestCases.QaLegend_TestCases" name="addNotes" time="3.861">
    <skipped/>
  </testcase> <!-- addNotes -->
  <testcase classname="TestCases.QaLegend_TestCases" name="addNotes" time="3.718">
    <skipped/>
  </testcase> <!-- addNotes -->
  <testcase classname="TestCases.QaLegend_TestCases" name="addNotes" time="14.078">
    <skipped/>
  </testcase> <!-- addNotes -->
  <testcase classname="TestCases.QaLegend_TestCases" name="addNotes" time="4.372">
    <failure type="org.openqa.selenium.ElementNotInteractableException" message="element not interactable
  (Session info: chrome=126.0.6478.127)
Build info: version: &amp;apos;4.20.0&amp;apos;, revision: &amp;apos;866c76ca80&amp;apos;
System info: os.name: &amp;apos;Windows 11&amp;apos;, os.arch: &amp;apos;amd64&amp;apos;, os.version: &amp;apos;10.0&amp;apos;, java.version: &amp;apos;17.0.10&amp;apos;
Driver info: org.openqa.selenium.chrome.ChromeDriver
Command: [1037d164ba2641251009256e8a90be2f, sendKeysToElement {value=[Ljava.lang.CharSequence;@51e0301d, id=f.C421E335ECB6808F63D1799B44F10DF7.d.9C13F912D7EDD1FC0DD6975B05E7577E.e.59}]
Capabilities {acceptInsecureCerts: false, browserName: chrome, browserVersion: 126.0.6478.127, chrome: {chromedriverVersion: 126.0.6478.126 (d36ace6122e..., userDataDir: C:\Users\AKHIL\AppData\Loca...}, fedcm:accounts: true, goog:chromeOptions: {debuggerAddress: localhost:52358}, networkConnectionEnabled: false, pageLoadStrategy: normal, platformName: windows, proxy: Proxy(), se:cdp: ws://localhost:52358/devtoo..., se:cdpVersion: 126.0.6478.127, setWindowRect: true, strictFileInteractability: false, timeouts: {implicit: 0, pageLoad: 300000, script: 30000}, unhandledPromptBehavior: dismiss and notify, webauthn:extension:credBlob: true, webauthn:extension:largeBlob: true, webauthn:extension:minPinLength: true, webauthn:extension:prf: true, webauthn:virtualAuthenticators: true}
Element: [[ChromeDriver: chrome on windows (1037d164ba2641251009256e8a90be2f)] -&amp;gt; xpath: //div[@id=&amp;apos;note-table_filter&amp;apos;]//input]
Session ID: 1037d164ba2641251009256e8a90be2f">
      <![CDATA[org.openqa.selenium.ElementNotInteractableException: element not interactable
  (Session info: chrome=126.0.6478.127)
Build info: version: '4.20.0', revision: '866c76ca80'
System info: os.name: 'Windows 11', os.arch: 'amd64', os.version: '10.0', java.version: '17.0.10'
Driver info: org.openqa.selenium.chrome.ChromeDriver
Command: [1037d164ba2641251009256e8a90be2f, sendKeysToElement {value=[Ljava.lang.CharSequence;@51e0301d, id=f.C421E335ECB6808F63D1799B44F10DF7.d.9C13F912D7EDD1FC0DD6975B05E7577E.e.59}]
Capabilities {acceptInsecureCerts: false, browserName: chrome, browserVersion: 126.0.6478.127, chrome: {chromedriverVersion: 126.0.6478.126 (d36ace6122e..., userDataDir: C:\Users\AKHIL\AppData\Loca...}, fedcm:accounts: true, goog:chromeOptions: {debuggerAddress: localhost:52358}, networkConnectionEnabled: false, pageLoadStrategy: normal, platformName: windows, proxy: Proxy(), se:cdp: ws://localhost:52358/devtoo..., se:cdpVersion: 126.0.6478.127, setWindowRect: true, strictFileInteractability: false, timeouts: {implicit: 0, pageLoad: 300000, script: 30000}, unhandledPromptBehavior: dismiss and notify, webauthn:extension:credBlob: true, webauthn:extension:largeBlob: true, webauthn:extension:minPinLength: true, webauthn:extension:prf: true, webauthn:virtualAuthenticators: true}
Element: [[ChromeDriver: chrome on windows (1037d164ba2641251009256e8a90be2f)] -> xpath: //div[@id='note-table_filter']//input]
Session ID: 1037d164ba2641251009256e8a90be2f
at org.openqa.selenium.remote.ErrorCodec.decode(ErrorCodec.java:167)
at org.openqa.selenium.remote.codec.w3c.W3CHttpResponseCodec.decode(W3CHttpResponseCodec.java:138)
at org.openqa.selenium.remote.codec.w3c.W3CHttpResponseCodec.decode(W3CHttpResponseCodec.java:50)
at org.openqa.selenium.remote.HttpCommandExecutor.execute(HttpCommandExecutor.java:190)
at org.openqa.selenium.remote.service.DriverCommandExecutor.invokeExecute(DriverCommandExecutor.java:216)
at org.openqa.selenium.remote.service.DriverCommandExecutor.execute(DriverCommandExecutor.java:174)
at org.openqa.selenium.remote.RemoteWebDriver.execute(RemoteWebDriver.java:518)
at org.openqa.selenium.remote.RemoteWebElement.execute(RemoteWebElement.java:223)
at org.openqa.selenium.remote.RemoteWebElement.sendKeys(RemoteWebElement.java:110)
at org.openqa.selenium.support.pagefactory.internal.LocatingElementHandler.invoke(LocatingElementHandler.java:51)
at jdk.proxy2/jdk.proxy2.$Proxy11.sendKeys(Unknown Source)
at Utilities.PageUtilities.enterText(PageUtilities.java:15)
at PageClasses.QaLegendNotesPage.searchNotes(QaLegendNotesPage.java:47)
at TestCases.QaLegend_TestCases.addNotes(QaLegend_TestCases.java:81)
at java.base/java.util.ArrayList.forEach(ArrayList.java:1511)
... Removed 35 stack frames]]>
    </failure>
  </testcase> <!-- addNotes -->
  <testcase classname="TestCases.QaLegend_TestCases" name="searchNotes" time="0.0">
    <ignored/>
  </testcase> <!-- searchNotes -->
  <testcase classname="TestCases.QaLegend_TestCases" name="addProject" time="0.0">
    <ignored/>
  </testcase> <!-- addProject -->
  <testcase classname="TestCases.QaLegend_TestCases" name="addEventForToday" time="0.0">
    <ignored/>
  </testcase> <!-- addEventForToday -->
  <testcase classname="TestCases.QaLegend_TestCases" name="dashBoard_Checking_OpenProjects" time="0.0">
    <ignored/>
  </testcase> <!-- dashBoard_Checking_OpenProjects -->
  <testcase classname="TestCases.QaLegend_TestCases" name="checking_Leave_Summary" time="0.0">
    <ignored/>
  </testcase> <!-- checking_Leave_Summary -->
  <testcase classname="TestCases.QaLegend_TestCases" name="addEvents" time="0.0">
    <ignored/>
  </testcase> <!-- addEvents -->
  <testcase classname="TestCases.QaLegend_TestCases" name="dashBoard_Checking_MyOpenTasks" time="0.0">
    <ignored/>
  </testcase> <!-- dashBoard_Checking_MyOpenTasks -->
  <testcase classname="TestCases.QaLegend_TestCases" name="applyLeave" time="0.0">
    <ignored/>
  </testcase> <!-- applyLeave -->
  <testcase classname="TestCases.QaLegend_TestCases" name="forgotPasswordLink" time="0.0">
    <ignored/>
  </testcase> <!-- forgotPasswordLink -->
  <testcase classname="TestCases.QaLegend_TestCases" name="composeMessage" time="0.0">
    <ignored/>
  </testcase> <!-- composeMessage -->
  <testcase classname="TestCases.QaLegend_TestCases" name="addClients" time="0.0">
    <ignored/>
  </testcase> <!-- addClients -->
  <testcase classname="TestCases.QaLegend_TestCases" name="QaLegendLogin" time="0.0">
    <ignored/>
  </testcase> <!-- QaLegendLogin -->
</testsuite> <!-- Test -->
