<?xml version="1.0" encoding="UTF-8"?>
<!-- Generated by org.testng.reporters.JUnitXMLReporter -->
<testsuite ignored="6" hostname="LAPTOP-UOSNP22B" failures="0" tests="1" name="Test" time="12.425" errors="0" timestamp="2024-07-17T21:34:42 IST">
  <testcase classname="TestCases.QaLegend_TestCases" name="addTicket" time="8.422"/>
  <testcase classname="TestCases.QaLegend_TestCases" name="addTicket1" time="0.0">
    <ignored/>
  </testcase> <!-- addTicket1 -->
  <testcase classname="TestCases.QaLegend_TestCases" name="addExpense" time="0.0">
    <ignored/>
  </testcase> <!-- addExpense -->
  <testcase classname="TestCases.QaLegend_TestCases" name="composeMessage" time="0.0">
    <ignored/>
  </testcase> <!-- composeMessage -->
  <testcase classname="TestCases.QaLegend_TestCases" name="addClients" time="0.0">
    <ignored/>
  </testcase> <!-- addClients -->
  <testcase classname="TestCases.QaLegend_TestCases" name="searchNotes" time="0.0">
    <ignored/>
  </testcase> <!-- searchNotes -->
  <testcase classname="TestCases.QaLegend_TestCases" name="addNotes" time="0.0">
    <ignored/>
  </testcase> <!-- addNotes -->
</testsuite> <!-- Test -->
